State 1 conflicts: 1 shift/reduce


Grammar

    0 $accept: start $end

    1 start: prog '\n'
    2      | ε

    3 prog: CHAR prog CHAR
    4     | ε


Terminals, with rules where they appear

    $end (0) 0
    '\n' (10) 1
    error (256)
    CHAR (258) 3


Nonterminals, with rules where they appear

    $accept (5)
        on left: 0
    start (6)
        on left: 1 2
        on right: 0
    prog (7)
        on left: 3 4
        on right: 1 3


State 0

    0 $accept: • start $end

    CHAR  shift, and go to state 1

    '\n'      reduce using rule 4 (prog)
    $default  reduce using rule 2 (start)

    start  go to state 2
    prog   go to state 3


State 1

    3 prog: CHAR • prog CHAR

    CHAR  shift, and go to state 1

    CHAR  [reduce using rule 4 (prog)]

    prog  go to state 4


State 2

    0 $accept: start • $end

    $end  shift, and go to state 5


State 3

    1 start: prog • '\n'

    '\n'  shift, and go to state 6


State 4

    3 prog: CHAR prog • CHAR

    CHAR  shift, and go to state 7


State 5

    0 $accept: start $end •

    $default  accept


State 6

    1 start: prog '\n' •

    $default  reduce using rule 1 (start)


State 7

    3 prog: CHAR prog CHAR •

    $default  reduce using rule 3 (prog)
